c:\users\prabin\documents\up-up-and-away\up, up and away\debug\vc141.pdb
c:\users\prabin\documents\up-up-and-away\up, up and away\debug\vc141.idb
c:\users\prabin\documents\up-up-and-away\up, up and away\debug\point.obj
c:\users\prabin\documents\up-up-and-away\up, up and away\debug\player.obj
c:\users\prabin\documents\up-up-and-away\up, up and away\debug\path.obj
c:\users\prabin\documents\up-up-and-away\up, up and away\debug\obstacle.obj
c:\users\prabin\documents\up-up-and-away\up, up and away\debug\main.obj
c:\users\prabin\documents\up-up-and-away\up, up and away\debug\gameobjectmanager.obj
c:\users\prabin\documents\up-up-and-away\up, up and away\debug\gameobject.obj
c:\users\prabin\documents\up-up-and-away\up, up and away\debug\game.obj
c:\users\prabin\documents\up-up-and-away\up, up and away\debug\death.obj
c:\users\prabin\documents\up-up-and-away\up, up and away\debug\coin.obj
c:\users\prabin\documents\up-up-and-away\up, up and away\debug\animation.obj
c:\users\prabin\documents\up-up-and-away\debug\up, up and away.exe
c:\users\prabin\documents\up-up-and-away\debug\up, up and away.ilk
c:\users\prabin\documents\up-up-and-away\debug\up, up and away.pdb
c:\users\prabin\documents\up-up-and-away\up, up and away\debug\up, up and away.tlog\cl.command.1.tlog
c:\users\prabin\documents\up-up-and-away\up, up and away\debug\up, up and away.tlog\cl.read.1.tlog
c:\users\prabin\documents\up-up-and-away\up, up and away\debug\up, up and away.tlog\cl.write.1.tlog
c:\users\prabin\documents\up-up-and-away\up, up and away\debug\up, up and away.tlog\link.command.1.tlog
c:\users\prabin\documents\up-up-and-away\up, up and away\debug\up, up and away.tlog\link.read.1.tlog
c:\users\prabin\documents\up-up-and-away\up, up and away\debug\up, up and away.tlog\link.write.1.tlog
